[INFO ] 2023-06-16 15:41:33.652 [main] SwagLabs - Username
[INFO ] 2023-06-16 15:43:31.446 [main] SwagLabs - Browser Open
[INFO ] 2023-06-16 15:43:31.578 [main] SwagLabs - Username
[INFO ] 2023-06-16 15:43:31.687 [main] SwagLabs - Password
[INFO ] 2023-06-16 15:43:31.853 [main] SwagLabs - Click on Submit
[INFO ] 2023-06-16 16:29:26.855 [main] SwagLabs - Browser Open
[INFO ] 2023-06-16 16:29:26.989 [main] SwagLabs - Username
[INFO ] 2023-06-16 16:29:27.102 [main] SwagLabs - Password
[INFO ] 2023-06-16 16:29:27.257 [main] SwagLabs - Click on Submit
[INFO ] 2023-06-16 16:29:27.369 [main] SwagLabs - Logo match
[INFO ] 2023-06-16 16:29:27.379 [main] SwagLabs - Browser Close.............
[INFO ] 2023-06-16 16:31:45.345 [main] SwagLabs - Browser Open
[INFO ] 2023-06-16 16:31:45.483 [main] SwagLabs - Username
[INFO ] 2023-06-16 16:31:45.600 [main] SwagLabs - Password
[INFO ] 2023-06-16 16:31:45.752 [main] SwagLabs - Click on Submit
[INFO ] 2023-06-16 16:31:45.794 [main] SwagLabs - Browser Close.............
[INFO ] 2023-06-16 16:37:38.155 [main] SwagLabs - Browser Open
[INFO ] 2023-06-16 16:37:38.291 [main] SwagLabs - Username
[INFO ] 2023-06-16 16:37:38.408 [main] SwagLabs - Password
[INFO ] 2023-06-16 16:37:38.558 [main] SwagLabs - Click on Submit
[INFO ] 2023-06-16 16:37:38.666 [main] SwagLabs - Logo match
[INFO ] 2023-06-16 16:37:38.693 [main] SwagLabs - Browser Close.............
[INFO ] 2023-06-16 16:41:18.399 [main] SwagLabs - Browser Close.............
[INFO ] 2023-06-16 16:41:58.623 [main] SwagLabs - Browser Open
[INFO ] 2023-06-16 16:41:58.760 [main] SwagLabs - Username
[INFO ] 2023-06-16 16:41:58.871 [main] SwagLabs - Password
[INFO ] 2023-06-16 16:41:59.032 [main] SwagLabs - Click on Submit
[INFO ] 2023-06-16 16:41:59.131 [main] SwagLabs - Logo match
[INFO ] 2023-06-16 16:41:59.156 [main] SwagLabs - Browser Close.............
[INFO ] 2023-06-16 16:42:55.851 [main] SwagLabs - Browser Open
[INFO ] 2023-06-16 16:42:55.992 [main] SwagLabs - Username
[INFO ] 2023-06-16 16:42:56.103 [main] SwagLabs - Password
[INFO ] 2023-06-16 16:42:56.257 [main] SwagLabs - Click on Submit
[INFO ] 2023-06-16 16:42:56.355 [main] SwagLabs - Logo  not match
[INFO ] 2023-06-16 16:42:56.439 [main] SwagLabs - Browser Close.............
[INFO ] 2023-06-16 16:46:06.047 [main] SwagLabs - Browser Close.............
[INFO ] 2023-06-16 16:46:22.848 [main] SwagLabs - Browser Open
[INFO ] 2023-06-16 16:46:22.983 [main] SwagLabs - Username
[INFO ] 2023-06-16 16:46:23.099 [main] SwagLabs - Password
[INFO ] 2023-06-16 16:46:23.254 [main] SwagLabs - Click on Submit
[INFO ] 2023-06-16 16:46:23.390 [main] SwagLabs - Logo  not match
[INFO ] 2023-06-16 16:46:23.702 [main] SwagLabs - Browser Close.............
[INFO ] 2024-03-29 11:22:17.381 [main] SwagLabs - Browser Open
[INFO ] 2024-03-29 11:22:19.113 [main] SwagLabs - Username
[INFO ] 2024-03-29 11:22:19.244 [main] SwagLabs - Password
[INFO ] 2024-03-29 11:22:19.917 [main] SwagLabs - Click on Submit
[INFO ] 2024-03-29 11:22:20.575 [main] SwagLabs - Logo  not match
[INFO ] 2024-03-29 11:22:20.922 [main] SwagLabs - Browser Close.............
[INFO ] 2024-03-29 11:23:24.024 [main] SwagLabs - Browser Open
[INFO ] 2024-03-29 11:23:24.190 [main] SwagLabs - Username
[INFO ] 2024-03-29 11:23:24.301 [main] SwagLabs - Password
[INFO ] 2024-03-29 11:23:24.446 [main] SwagLabs - Click on Submit
[INFO ] 2024-03-29 11:23:24.611 [main] SwagLabs - Logo  not match
[INFO ] 2024-03-29 11:23:24.951 [main] SwagLabs - Browser Close.............
[INFO ] 2024-08-10 17:33:00.978 [main] SwagLabs - Browser Open
[INFO ] 2024-08-10 17:33:01.175 [main] SwagLabs - Username
[INFO ] 2024-08-10 17:33:01.301 [main] SwagLabs - Password
[INFO ] 2024-08-10 17:33:02.435 [main] SwagLabs - Click on Submit
[INFO ] 2024-08-10 17:33:03.343 [main] SwagLabs - Logo  not match
[INFO ] 2024-08-10 17:33:03.638 [main] SwagLabs - Browser Close.............
[INFO ] 2024-08-10 17:34:48.621 [main] SwagLabs - Browser Open
[INFO ] 2024-08-10 17:34:48.786 [main] SwagLabs - Username
[INFO ] 2024-08-10 17:34:48.898 [main] SwagLabs - Password
[INFO ] 2024-08-10 17:34:49.071 [main] SwagLabs - Click on Submit
[INFO ] 2024-08-10 17:34:49.262 [main] SwagLabs - Logo match
[INFO ] 2024-08-10 17:34:49.292 [main] SwagLabs - Browser Close.............
[INFO ] 2024-08-10 17:47:17.039 [main] SwagLabs - Browser Open
[INFO ] 2024-08-10 17:47:17.201 [main] SwagLabs - Username
[INFO ] 2024-08-10 17:47:17.323 [main] SwagLabs - Password
[INFO ] 2024-08-10 17:47:17.472 [main] SwagLabs - Click on Submit
[INFO ] 2024-08-10 17:47:17.869 [main] SwagLabs - Logo match
[INFO ] 2024-08-10 17:47:17.876 [main] SwagLabs - Browser Close.............
[INFO ] 2024-08-10 17:53:58.552 [main] SwagLabs - Browser Open
[INFO ] 2024-08-10 17:53:58.725 [main] SwagLabs - Username
[INFO ] 2024-08-10 17:53:58.842 [main] SwagLabs - Password
[INFO ] 2024-08-10 17:53:58.977 [main] SwagLabs - Click on Submit
[INFO ] 2024-08-10 17:53:59.246 [main] SwagLabs - Logo match
[INFO ] 2024-08-10 17:53:59.259 [main] SwagLabs - Browser Close.............
[INFO ] 2024-08-10 17:54:34.338 [main] SwagLabs - Browser Open
[INFO ] 2024-08-10 17:54:34.503 [main] SwagLabs - Username
[INFO ] 2024-08-10 17:54:34.619 [main] SwagLabs - Password
[INFO ] 2024-08-10 17:54:34.758 [main] SwagLabs - Click on Submit
[INFO ] 2024-08-10 17:54:34.967 [main] SwagLabs - Logo match
[INFO ] 2024-08-10 17:54:34.973 [main] SwagLabs - Browser Close.............
[INFO ] 2024-08-10 17:55:26.763 [main] SwagLabs - Browser Open
[INFO ] 2024-08-10 17:55:26.930 [main] SwagLabs - Username
[INFO ] 2024-08-10 17:55:27.046 [main] SwagLabs - Password
[INFO ] 2024-08-10 17:55:27.193 [main] SwagLabs - Click on Submit
[INFO ] 2024-08-10 17:55:27.378 [main] SwagLabs - Logo match
[INFO ] 2024-08-10 17:55:27.389 [main] SwagLabs - Browser Close.............
[INFO ] 2024-08-10 17:56:14.180 [main] SwagLabs - Browser Open
[INFO ] 2024-08-10 17:56:14.346 [main] SwagLabs - Username
[INFO ] 2024-08-10 17:56:14.472 [main] SwagLabs - Password
[INFO ] 2024-08-10 17:56:14.633 [main] SwagLabs - Click on Submit
[INFO ] 2024-08-10 17:56:14.989 [main] SwagLabs - Logo match
[INFO ] 2024-08-10 17:56:14.997 [main] SwagLabs - Browser Close.............
[INFO ] 2024-08-10 17:57:24.876 [main] SwagLabs - Browser Open
[INFO ] 2024-08-10 17:57:26.601 [main] SwagLabs - Username
[INFO ] 2024-08-10 17:57:26.715 [main] SwagLabs - Password
[INFO ] 2024-08-10 17:57:26.852 [main] SwagLabs - Click on Submit
[INFO ] 2024-08-10 17:57:27.184 [main] SwagLabs - Logo match
[INFO ] 2024-08-10 17:57:27.193 [main] SwagLabs - Browser Close.............
[INFO ] 2024-08-10 17:59:17.997 [main] SwagLabs - Browser Open
[INFO ] 2024-08-10 17:59:18.188 [main] SwagLabs - Username
[INFO ] 2024-08-10 17:59:18.300 [main] SwagLabs - Password
[INFO ] 2024-08-10 17:59:18.435 [main] SwagLabs - Click on Submit
[INFO ] 2024-08-10 17:59:18.774 [main] SwagLabs - Logo  not match
[INFO ] 2024-08-10 17:59:19.028 [main] SwagLabs - Browser Close.............
[INFO ] 2024-08-10 18:00:37.641 [main] SwagLabs - Browser Open
[INFO ] 2024-08-10 18:00:37.809 [main] SwagLabs - Username
[INFO ] 2024-08-10 18:00:37.921 [main] SwagLabs - Password
[INFO ] 2024-08-10 18:00:38.059 [main] SwagLabs - Click on Submit
[INFO ] 2024-08-10 18:00:38.325 [main] SwagLabs - Logo match
[INFO ] 2024-08-10 18:00:38.333 [main] SwagLabs - Browser Close.............
[INFO ] 2024-08-10 18:14:59.854 [main] SwagLabs - Browser Open
[INFO ] 2024-08-10 18:15:00.026 [main] SwagLabs - Username
[INFO ] 2024-08-10 18:15:00.142 [main] SwagLabs - Password
[INFO ] 2024-08-10 18:15:00.272 [main] SwagLabs - Click on Submit
[INFO ] 2024-08-10 18:15:00.614 [main] SwagLabs - Logo match
[INFO ] 2024-08-10 18:15:00.619 [main] SwagLabs - Browser Close.............
[INFO ] 2024-08-10 18:17:41.150 [main] SwagLabs - Browser Open
[INFO ] 2024-08-10 18:17:41.313 [main] SwagLabs - Username
[INFO ] 2024-08-10 18:17:41.427 [main] SwagLabs - Password
[INFO ] 2024-08-10 18:17:41.561 [main] SwagLabs - Click on Submit
[INFO ] 2024-08-10 18:17:41.924 [main] SwagLabs - Logo match
[INFO ] 2024-08-10 18:17:41.931 [main] SwagLabs - Browser Close.............
[INFO ] 2024-08-10 18:18:12.736 [main] SwagLabs - Browser Open
[INFO ] 2024-08-10 18:18:12.903 [main] SwagLabs - Username
[INFO ] 2024-08-10 18:18:13.017 [main] SwagLabs - Password
[INFO ] 2024-08-10 18:18:13.150 [main] SwagLabs - Click on Submit
[INFO ] 2024-08-10 18:18:13.568 [main] SwagLabs - Logo match
[INFO ] 2024-08-10 18:18:13.579 [main] SwagLabs - Browser Close.............
[INFO ] 2024-08-10 18:19:20.649 [main] SwagLabs - Browser Open
[INFO ] 2024-08-10 18:19:20.817 [main] SwagLabs - Username
[INFO ] 2024-08-10 18:19:20.948 [main] SwagLabs - Password
[INFO ] 2024-08-10 18:19:21.090 [main] SwagLabs - Click on Submit
[INFO ] 2024-08-10 18:19:21.451 [main] SwagLabs - Logo match
[INFO ] 2024-08-10 18:19:21.458 [main] SwagLabs - Browser Close.............
[INFO ] 2024-08-10 18:21:51.707 [main] SwagLabs - Browser Open
[INFO ] 2024-08-10 18:21:51.991 [main] SwagLabs - Pas
[INFO ] 2024-08-10 18:21:51.870 [main] SwagLabs - Usernamesword
[INFO ] 2024-08-10 18:21:52.128 [main] SwagLabs - Click on Submit
[INFO ] 2024-08-10 18:21:52.510 [main] SwagLabs - Logo match
[INFO ] 2024-08-10 18:21:52.517 [main] SwagLabs - Browser Close.............
[INFO ] 2024-08-10 18:25:45.741 [main] SwagLabs - Browser Open
[INFO ] 2024-08-10 18:25:45.903 [main] SwagLabs - Username
[INFO ] 2024-08-10 18:25:46.033 [main] SwagLabs - Password
[INFO ] 2024-08-10 18:25:46.186 [main] SwagLabs - Click on Submit
[INFO ] 2024-08-10 18:25:46.350 [main] SwagLabs -  add p cart
[INFO ] 2024-08-10 18:25:46.603 [main] SwagLabs - Logo match
[INFO ] 2024-08-10 18:25:46.611 [main] SwagLabs - Browser Close.............
[INFO ] 2024-08-10 18:26:43.334 [main] SwagLabs - Browser Open
[INFO ] 2024-08-10 18:26:43.502 [main] SwagLabs - Username
[INFO ] 2024-08-10 18:26:43.618 [main] SwagLabs - Password
[INFO ] 2024-08-10 18:26:43.754 [main] SwagLabs - Click on Submit
[INFO ] 2024-08-10 18:26:43.936 [main] SwagLabs -  add p cart
[INFO ] 2024-08-10 18:26:44.074 [main] SwagLabs -   not match
[INFO ] 2024-08-10 18:26:44.344 [main] SwagLabs - Logo match
[INFO ] 2024-08-10 18:26:44.351 [main] SwagLabs - Browser Close.............
[INFO ] 2024-08-10 18:28:01.062 [main] SwagLabs - Browser Open
[INFO ] 2024-08-10 18:28:01.219 [main] SwagLabs - Username
[INFO ] 2024-08-10 18:28:01.334 [main] SwagLabs - Password
[INFO ] 2024-08-10 18:28:01.471 [main] SwagLabs - Click on Submit
[INFO ] 2024-08-10 18:28:01.636 [main] SwagLabs -  add p cart
[INFO ] 2024-08-10 18:28:01.785 [main] SwagLabs -   not match
[INFO ] 2024-08-10 18:28:02.058 [main] SwagLabs - Logo match
[INFO ] 2024-08-10 18:28:02.068 [main] SwagLabs - Browser Close.............
[INFO ] 2024-08-10 18:29:19.900 [main] SwagLabs - Browser Open
[INFO ] 2024-08-10 18:29:20.069 [main] SwagLabs - Username
[INFO ] 2024-08-10 18:29:20.191 [main] SwagLabs - Password
[INFO ] 2024-08-10 18:29:20.330 [main] SwagLabs - Click on Submit
[INFO ] 2024-08-10 18:29:20.486 [main] SwagLabs -  add p cart
[INFO ] 2024-08-10 18:29:20.643 [main] SwagLabs -  match
[INFO ] 2024-08-10 18:29:20.681 [main] SwagLabs - Logo match
[INFO ] 2024-08-10 18:29:20.688 [main] SwagLabs - Browser Close.............
[INFO ] 2024-08-10 18:29:56.441 [main] SwagLabs - Browser Open
[INFO ] 2024-08-10 18:29:56.609 [main] SwagLabs - Username
[INFO ] 2024-08-10 18:29:56.723 [main] SwagLabs - Password
[INFO ] 2024-08-10 18:29:56.863 [main] SwagLabs - Click on Submit
[INFO ] 2024-08-10 18:29:57.068 [main] SwagLabs -  add p cart
[INFO ] 2024-08-10 18:29:57.290 [main] SwagLabs -  match
[INFO ] 2024-08-10 18:29:57.353 [main] SwagLabs - Logo match
[INFO ] 2024-08-10 18:29:57.362 [main] SwagLabs - Browser Close.............
[INFO ] 2024-08-10 18:32:12.192 [main] SwagLabs - Browser Open
[INFO ] 2024-08-10 18:32:12.364 [main] SwagLabs - Username
[INFO ] 2024-08-10 18:32:12.477 [main] SwagLabs - Password
[INFO ] 2024-08-10 18:32:12.619 [main] SwagLabs - Click on Submit
[INFO ] 2024-08-10 18:32:12.788 [main] SwagLabs -  add product cart
[INFO ] 2024-08-10 18:32:12.976 [main] SwagLabs -  match
[INFO ] 2024-08-10 18:32:13.030 [main] SwagLabs - Logo match
[INFO ] 2024-08-10 18:32:13.039 [main] SwagLabs - Browser Close.............
[INFO ] 2024-08-10 18:34:35.747 [main] SwagLabs - Browser Open
[INFO ] 2024-08-10 18:34:35.904 [main] SwagLabs - Username
[INFO ] 2024-08-10 18:34:36.046 [main] SwagLabs - Password
[INFO ] 2024-08-10 18:34:36.193 [main] SwagLabs - Click on Submit
[INFO ] 2024-08-10 18:34:36.358 [main] SwagLabs -  add product cart
[INFO ] 2024-08-10 18:34:36.506 [main] SwagLabs -  match
[INFO ] 2024-08-10 18:34:36.748 [main] SwagLabs - Logo match
[INFO ] 2024-08-10 18:34:36.758 [main] SwagLabs - Browser Close.............
[INFO ] 2024-08-10 18:36:27.250 [main] SwagLabs - Browser Open
[INFO ] 2024-08-10 18:36:27.414 [main] SwagLabs - Username
[INFO ] 2024-08-10 18:36:27.547 [main] SwagLabs - Password
[INFO ] 2024-08-10 18:36:27.702 [main] SwagLabs - Click on Submit
[INFO ] 2024-08-10 18:36:27.867 [main] SwagLabs - Logo match
[INFO ] 2024-08-10 18:36:27.962 [main] SwagLabs -  add product cart
[INFO ] 2024-08-10 18:36:28.112 [main] SwagLabs -  match
[INFO ] 2024-08-10 18:36:28.117 [main] SwagLabs - Browser Close.............
